<?xml version="1.0" encoding="UTF-8"?>
<!-- Generated by org.testng.reporters.JUnitReportReporter -->
<testsuite hostname="CoolDell" failures="0" tests="3" name="testNG.SampleTestCase" time="0.203" errors="0" timestamp="2026-02-03T17:04:11 IST" skipped="0">
  <testcase classname="testNG.SampleTestCase" name="secondTestCase" time="0.046"/>
  <testcase classname="testNG.SampleTestCase" name="firstTestCase" time="0.109"/>
  <testcase classname="testNG.SampleTestCase" name="testCase1" time="0.048"/>
</testsuite> <!-- testNG.SampleTestCase -->
